DiagnosticsPlugin.exe Information: 0 : [12/27/2018 5:08:04 AM] Starting DiagnosticPlugin.exe DiagnosticPlugin-ShutdownEvent DiagnosticPlugin-TotalShutdownEvent -wadVer1v5
DiagnosticsPlugin.exe Error: 0 : [12/27/2018 5:08:04 AM] Failed to save IIS Directory state
DiagnosticsPlugin.exe Error: 0 : [12/27/2018 5:08:04 AM] System.UnauthorizedAccessException: Filename: redirection.config
Error: Cannot read configuration file due to insufficient permissions


   at Microsoft.Web.Administration.Interop.IAppHostAdminManager.GetAdminSection(String bstrSectionName, String bstrPath)
   at Microsoft.Web.Administration.Configuration.GetSectionInternal(ConfigurationSection section, String sectionPath, String locationPath)
   at Microsoft.Web.Administration.ServerManager.SitesSectionCreator()
   at Microsoft.Web.Administration.Lazy.Initialize[T](T& target, CreateInstanceDelegate`1 valueFactory)
   at Microsoft.Web.Administration.ServerManager.SitesCollectionCreator()
   at Microsoft.Web.Administration.Lazy.Initialize[T](T& target, CreateInstanceDelegate`1 valueFactory)
   at Microsoft.Azure.Plugins.Plugin.DiagnosticsPluginManager.SaveIISDirectoryState()
DiagnosticsPlugin.exe Information: 0 : [12/27/2018 5:08:05 AM] Starting DiagnosticsPlugin
DiagnosticsPlugin.exe Information: 0 : [12/27/2018 5:08:05 AM] Emulator config file set to C:\ThirdEyeCSS\Comics-Embedded Power BI\DataService\DataService\csx\Debug\roles\DataGenerator\approot\diagnostics.wadcfgx
DiagnosticsPlugin.exe Information: 0 : [12/27/2018 5:08:05 AM] DiagnosticsStoreRootPath set to: C:\Users\lenovo\AppData\Local\dftmp\Resources\b2f5ad27-3630-45e9-b200-411e37ccb23a
DiagnosticsPlugin.exe Information: 0 : [12/27/2018 5:08:05 AM] Loading config file: C:\ThirdEyeCSS\Comics-Embedded Power BI\DataService\DataService\csx\Debug\roles\DataGenerator\approot\diagnostics.wadcfgx
DiagnosticsPlugin.exe Information: 0 : [12/27/2018 5:08:05 AM] Config file to read: C:\ThirdEyeCSS\Comics-Embedded Power BI\DataService\DataService\csx\Debug\roles\DataGenerator\approot\diagnostics.wadcfgx
DiagnosticsPlugin.exe Information: 0 : [12/27/2018 5:08:05 AM] Checking VM Type
DiagnosticsPlugin.exe Information: 0 : [12/27/2018 5:08:05 AM] Emulator config file set to C:\ThirdEyeCSS\Comics-Embedded Power BI\DataService\DataService\csx\Debug\roles\DataGenerator\approot\diagnostics.wadcfgx
DiagnosticsPlugin.exe Information: 0 : [12/27/2018 5:08:05 AM] Extension set to Emulator Mode
DiagnosticsPlugin.exe Information: 0 : [12/27/2018 5:08:05 AM] Reading XML configuration file
DiagnosticsPlugin.exe Information: 0 : [12/27/2018 5:08:05 AM] Bypassing private config decryption
DiagnosticsPlugin.exe Information: 0 : [12/27/2018 5:08:05 AM] WadCfg is provided in initial configuration. Using that to initialize Diagnostics.
DiagnosticsPlugin.exe Information: 0 : [12/27/2018 5:08:05 AM] <PublicConfig xmlns="http://schemas.microsoft.com/ServiceHosting/2010/10/DiagnosticsConfiguration">
  <WadCfg>
    <DiagnosticMonitorConfiguration overallQuotaInMB="4096" sinks="applicationInsights.errors">
      <DiagnosticInfrastructureLogs scheduledTransferLogLevelFilter="Error" />
      <Directories scheduledTransferPeriod="PT1M">
        <IISLogs containerName="wad-iis-logfiles" />
        <FailedRequestLogs containerName="wad-failedrequestlogs" />
      </Directories>
      <PerformanceCounters scheduledTransferPeriod="PT1M">
        <PerformanceCounterConfiguration counterSpecifier="\Memory\Available MBytes" sampleRate="PT3M" />
        <PerformanceCounterConfiguration counterSpecifier="\Web Service(_Total)\ISAPI Extension Requests/sec" sampleRate="PT3M" />
        <PerformanceCounterConfiguration counterSpecifier="\Web Service(_Total)\Bytes Total/Sec" sampleRate="PT3M" />
        <PerformanceCounterConfiguration counterSpecifier="\ASP.NET Applications(__Total__)\Requests/Sec" sampleRate="PT3M" />
        <PerformanceCounterConfiguration counterSpecifier="\ASP.NET Applications(__Total__)\Errors Total/Sec" sampleRate="PT3M" />
        <PerformanceCounterConfiguration counterSpecifier="\ASP.NET\Requests Queued" sampleRate="PT3M" />
        <PerformanceCounterConfiguration counterSpecifier="\ASP.NET\Requests Rejected" sampleRate="PT3M" />
        <PerformanceCounterConfiguration counterSpecifier="\Processor(_Total)\% Processor Time" sampleRate="PT3M" />
      </PerformanceCounters>
      <WindowsEventLog scheduledTransferPeriod="PT1M">
        <DataSource name="Application!*[System[(Level=1 or Level=2 or Level=3)]]" />
        <DataSource name="Windows Azure!*[System[(Level=1 or Level=2 or Level=3 or Level=4)]]" />
      </WindowsEventLog>
      <CrashDumps>
        <CrashDumpConfiguration processName="WaIISHost.exe" />
        <CrashDumpConfiguration processName="WaWorkerHost.exe" />
        <CrashDumpConfiguration processName="w3wp.exe" />
      </CrashDumps>
      <Logs scheduledTransferPeriod="PT1M" scheduledTransferLogLevelFilter="Error" />
    </DiagnosticMonitorConfiguration>
    <SinksConfig>
      <Sink name="applicationInsights">
        <ApplicationInsights>727e8a16-9295-4843-9223-2bca68653ea9</ApplicationInsights>
        <Channels>
          <Channel logLevel="Error" name="errors" />
        </Channels>
      </Sink>
    </SinksConfig>
  </WadCfg>
  <StorageAccount>devstoreaccount1</StorageAccount>
</PublicConfig>
DiagnosticsPlugin.exe Information: 0 : [12/27/2018 5:08:05 AM] Private setting is loaded
DiagnosticsPlugin.exe Information: 0 : [12/27/2018 5:08:05 AM] Is config json/xml loaded
DiagnosticsPlugin.exe Information: 0 : [12/27/2018 5:08:05 AM] Checking if configuration needs to be fetched from the storage account and doing so if needed.
